2021-12-18 13:34:58 DEBUG    Starting new HTTPS connection (1): site.api.espn.com:443
2021-12-18 13:34:58 DEBUG    https://site.api.espn.com:443 "GET /apis/site/v2/sports/football/college-football/scoreboard?seasontype=3&week=1&limit=900 HTTP/1.1" 200 53450
2021-12-18 13:35:15 DEBUG    Starting new HTTPS connection (1): site.api.espn.com:443
2021-12-18 13:35:16 DEBUG    https://site.api.espn.com:443 "GET /apis/site/v2/sports/football/college-football/scoreboard?seasontype=3&week=1&limit=900 HTTP/1.1" 200 53446
2021-12-18 13:35:16 INFO     inserted new line: 401331168: BYU: -6.5: 2021-12-18 13:35:16.185965
2021-12-18 13:35:16 INFO     inserted new line: 401331169: LIB: -9.5: 2021-12-18 13:35:16.185965
2021-12-18 13:35:16 INFO     inserted new line: 401331170: ORST: -7: 2021-12-18 13:35:16.185965
2021-12-18 13:35:16 INFO     inserted new line: 401331171: UL: -4: 2021-12-18 13:35:16.185965
2021-12-18 13:35:16 INFO     inserted new line: 401331213: WYO: -3: 2021-12-18 13:35:16.185965
2021-12-18 13:35:16 INFO     inserted new line: 401331214: UTSA: -2: 2021-12-18 13:35:16.185965
2021-12-18 13:35:16 INFO     inserted new line: 401331215: ARMY: -4: 2021-12-18 13:35:16.185965
2021-12-18 13:35:16 INFO     inserted new line: 401391158: M-OH: -3: 2021-12-18 13:35:16.185965
2021-12-18 13:35:16 INFO     inserted new line: 401331216: FLA: -6.5: 2021-12-18 13:35:16.185965
2021-12-18 13:35:16 INFO     inserted new line: 401331217: MEM: -7: 2021-12-18 13:35:16.185965
2021-12-18 13:35:16 INFO     inserted new line: 401331219: WMU: -6: 2021-12-18 13:35:16.185965
2021-12-18 13:35:16 INFO     inserted new line: 401331221: AUB: -2.5: 2021-12-18 13:35:16.185965
2021-12-18 13:35:16 INFO     inserted new line: 401331222: LOU: -1.5: 2021-12-18 13:35:16.185965
2021-12-18 13:35:16 INFO     inserted new line: 401331223: MSST: -8.5: 2021-12-18 13:35:16.185965
2021-12-18 13:35:16 INFO     inserted new line: 401339628: NCST: -1: 2021-12-18 13:35:16.185965
2021-12-18 13:35:16 INFO     inserted new line: 401331224: MINN: -4: 2021-12-18 13:35:16.185965
2021-12-18 13:35:16 INFO     inserted new line: 401331225: UVA: -2: 2021-12-18 13:35:16.185965
2021-12-18 13:35:16 INFO     inserted new line: 401331227: ISU: -1.5: 2021-12-18 13:35:16.185965
2021-12-18 13:35:16 INFO     inserted new line: 401331228: OU: -4.5: 2021-12-18 13:35:16.185965
2021-12-18 13:35:16 INFO     inserted new line: 401331229: UNC: -9: 2021-12-18 13:35:16.185965
2021-12-18 13:35:16 INFO     inserted new line: 401331230: TENN: -4.5: 2021-12-18 13:35:16.185965
2021-12-18 13:35:16 INFO     inserted new line: 401331231: MSU: -2.5: 2021-12-18 13:35:16.185965
2021-12-18 13:35:16 INFO     inserted new line: 401331232: WISC: -7: 2021-12-18 13:35:16.185965
2021-12-18 13:35:16 INFO     inserted new line: 401331233: TA&M: -4.5: 2021-12-18 13:35:16.185965
2021-12-18 13:35:16 INFO     inserted new line: 401331654: MIA: -2.5: 2021-12-18 13:35:16.185965
2021-12-18 13:35:16 INFO     inserted new line: 401331235: ALA: -13.5: 2021-12-18 13:35:16.185965
2021-12-18 13:35:16 INFO     inserted new line: 401331234: UGA: -8: 2021-12-18 13:35:16.185965
2021-12-18 13:35:16 INFO     inserted new line: 401331236: PSU: -2.5: 2021-12-18 13:35:16.185965
2021-12-18 13:35:16 INFO     inserted new line: 401331238: ND: -2: 2021-12-18 13:35:16.185965
2021-12-18 13:35:16 INFO     inserted new line: 401331237: UK: -3: 2021-12-18 13:35:16.185965
2021-12-18 13:35:16 INFO     inserted new line: 401331239: OSU: -6.5: 2021-12-18 13:35:16.185965
2021-12-18 13:35:16 INFO     inserted new line: 401331240: EVEN: : 2021-12-18 13:35:16.185965
2021-12-18 13:35:16 INFO     inserted new line: 401331241: KSU: -2.5: 2021-12-18 13:35:16.185965
2021-12-18 13:44:00 DEBUG    Starting new HTTPS connection (1): site.api.espn.com:443
2021-12-18 13:44:00 DEBUG    https://site.api.espn.com:443 "GET /apis/site/v2/sports/football/college-football/scoreboard?seasontype=3&week=1&limit=900 HTTP/1.1" 200 53442
2021-12-18 13:44:00 INFO     inserted new line: 401331168: BYU: -6.5: 2021-12-18 13:44:00.324435
2021-12-18 13:44:00 INFO     inserted new line: 401331169: LIB: -9.5: 2021-12-18 13:44:00.324435
2021-12-18 13:44:00 INFO     inserted new line: 401331170: ORST: -7: 2021-12-18 13:44:00.324435
2021-12-18 13:44:00 INFO     inserted new line: 401331171: UL: -4: 2021-12-18 13:44:00.324435
2021-12-18 13:44:00 INFO     inserted new line: 401331213: WYO: -3: 2021-12-18 13:44:00.324435
2021-12-18 13:44:00 INFO     inserted new line: 401331214: UTSA: -2: 2021-12-18 13:44:00.324435
2021-12-18 13:44:00 INFO     inserted new line: 401331215: ARMY: -4: 2021-12-18 13:44:00.324435
2021-12-18 13:44:00 INFO     inserted new line: 401391158: M-OH: -3: 2021-12-18 13:44:00.324435
2021-12-18 13:44:00 INFO     inserted new line: 401331216: FLA: -6.5: 2021-12-18 13:44:00.324435
2021-12-18 13:44:00 INFO     inserted new line: 401331217: MEM: -7: 2021-12-18 13:44:00.324435
2021-12-18 13:44:00 INFO     inserted new line: 401331219: WMU: -6: 2021-12-18 13:44:00.324435
2021-12-18 13:44:00 INFO     inserted new line: 401331221: AUB: -2.5: 2021-12-18 13:44:00.324435
2021-12-18 13:44:00 INFO     inserted new line: 401331222: LOU: -1.5: 2021-12-18 13:44:00.324435
2021-12-18 13:44:00 INFO     inserted new line: 401331223: MSST: -8.5: 2021-12-18 13:44:00.324435
2021-12-18 13:44:00 INFO     inserted new line: 401339628: NCST: -1: 2021-12-18 13:44:00.324435
2021-12-18 13:44:00 INFO     inserted new line: 401331224: MINN: -4: 2021-12-18 13:44:00.324435
2021-12-18 13:44:00 INFO     inserted new line: 401331225: UVA: -2: 2021-12-18 13:44:00.324435
2021-12-18 13:44:00 INFO     inserted new line: 401331227: ISU: -1.5: 2021-12-18 13:44:00.324435
2021-12-18 13:44:00 INFO     inserted new line: 401331228: OU: -4.5: 2021-12-18 13:44:00.324435
2021-12-18 13:44:00 INFO     inserted new line: 401331229: UNC: -9: 2021-12-18 13:44:00.324435
2021-12-18 13:44:00 INFO     inserted new line: 401331230: TENN: -4.5: 2021-12-18 13:44:00.324435
2021-12-18 13:44:00 INFO     inserted new line: 401331231: MSU: -2.5: 2021-12-18 13:44:00.324435
2021-12-18 13:44:00 INFO     inserted new line: 401331232: WISC: -7: 2021-12-18 13:44:00.324435
2021-12-18 13:44:00 INFO     inserted new line: 401331233: TA&M: -4.5: 2021-12-18 13:44:00.324435
2021-12-18 13:44:00 INFO     inserted new line: 401331654: MIA: -2.5: 2021-12-18 13:44:00.324435
2021-12-18 13:44:00 INFO     inserted new line: 401331235: ALA: -13.5: 2021-12-18 13:44:00.324435
2021-12-18 13:44:00 INFO     inserted new line: 401331234: UGA: -8: 2021-12-18 13:44:00.324435
2021-12-18 13:44:00 INFO     inserted new line: 401331236: PSU: -2.5: 2021-12-18 13:44:00.324435
2021-12-18 13:44:00 INFO     inserted new line: 401331238: ND: -2: 2021-12-18 13:44:00.324435
2021-12-18 13:44:00 INFO     inserted new line: 401331237: UK: -3: 2021-12-18 13:44:00.324435
2021-12-18 13:44:00 INFO     inserted new line: 401331239: OSU: -6.5: 2021-12-18 13:44:00.324435
2021-12-18 13:44:00 INFO     inserted new line: 401331240: EVEN: : 2021-12-18 13:44:00.324435
2021-12-18 13:44:00 INFO     inserted new line: 401331241: KSU: -2.5: 2021-12-18 13:44:00.324435
2021-12-18 13:44:54 DEBUG    Starting new HTTPS connection (1): site.api.espn.com:443
2021-12-18 13:44:54 DEBUG    https://site.api.espn.com:443 "GET /apis/site/v2/sports/football/college-football/scoreboard?seasontype=3&week=1&limit=900 HTTP/1.1" 200 53384
2021-12-18 13:44:54 INFO     inserted new line: 401331168: BYU: -6.5: 2021-12-18 13:44:54.974653
2021-12-18 13:44:55 INFO     inserted new line: 401331169: LIB: -9.5: 2021-12-18 13:44:54.974653
2021-12-18 13:44:55 INFO     inserted new line: 401331170: ORST: -7: 2021-12-18 13:44:54.974653
2021-12-18 13:44:55 INFO     inserted new line: 401331171: UL: -4: 2021-12-18 13:44:54.974653
2021-12-18 13:44:55 INFO     inserted new line: 401331172: TLSA: -9: 2021-12-18 13:44:54.974653
2021-12-18 13:44:55 INFO     inserted new line: 401331213: WYO: -3: 2021-12-18 13:44:54.974653
2021-12-18 13:44:55 INFO     inserted new line: 401331214: UTSA: -2: 2021-12-18 13:44:54.974653
2021-12-18 13:44:55 INFO     inserted new line: 401331215: ARMY: -4: 2021-12-18 13:44:54.974653
2021-12-18 13:44:55 INFO     inserted new line: 401391158: M-OH: -3: 2021-12-18 13:44:54.974653
2021-12-18 13:44:55 INFO     inserted new line: 401331216: FLA: -6.5: 2021-12-18 13:44:54.974653
2021-12-18 13:44:55 INFO     inserted new line: 401331217: MEM: -7: 2021-12-18 13:44:54.974653
2021-12-18 13:44:55 INFO     inserted new line: 401331218: GAST: -5: 2021-12-18 13:44:54.974653
2021-12-18 13:44:55 INFO     inserted new line: 401331219: WMU: -6: 2021-12-18 13:44:54.974653
2021-12-18 13:44:55 INFO     inserted new line: 401331220: BC: -3: 2021-12-18 13:44:54.974653
2021-12-18 13:44:55 INFO     inserted new line: 401331221: AUB: -2.5: 2021-12-18 13:44:54.974653
2021-12-18 13:44:55 INFO     inserted new line: 401331222: LOU: -1.5: 2021-12-18 13:44:54.974653
2021-12-18 13:44:55 INFO     inserted new line: 401331223: MSST: -8.5: 2021-12-18 13:44:54.974653
2021-12-18 13:44:55 INFO     inserted new line: 401339628: NCST: -1: 2021-12-18 13:44:54.974653
2021-12-18 13:44:55 INFO     inserted new line: 401331224: MINN: -4: 2021-12-18 13:44:54.974653
2021-12-18 13:44:55 INFO     inserted new line: 401331225: UVA: -2: 2021-12-18 13:44:54.974653
2021-12-18 13:44:55 INFO     inserted new line: 401331226: MD: -1: 2021-12-18 13:44:54.974653
2021-12-18 13:44:55 INFO     inserted new line: 401331227: ISU: -1.5: 2021-12-18 13:44:54.974653
2021-12-18 13:44:55 INFO     inserted new line: 401331228: OU: -4.5: 2021-12-18 13:44:54.974653
2021-12-18 13:44:55 INFO     inserted new line: 401331229: UNC: -9: 2021-12-18 13:44:54.974653
2021-12-18 13:44:55 INFO     inserted new line: 401331230: TENN: -4.5: 2021-12-18 13:44:54.974653
2021-12-18 13:44:55 INFO     inserted new line: 401331231: MSU: -2.5: 2021-12-18 13:44:54.974653
2021-12-18 13:44:55 INFO     inserted new line: 401331232: WISC: -7: 2021-12-18 13:44:54.974653
2021-12-18 13:44:55 INFO     inserted new line: 401331233: TA&M: -4.5: 2021-12-18 13:44:54.974653
2021-12-18 13:44:55 INFO     inserted new line: 401331654: MIA: -2.5: 2021-12-18 13:44:54.974653
2021-12-18 13:44:55 INFO     inserted new line: 401352013: BSU: -8: 2021-12-18 13:44:54.974653
2021-12-18 13:44:55 INFO     inserted new line: 401331235: ALA: -13.5: 2021-12-18 13:44:54.974653
2021-12-18 13:44:55 INFO     inserted new line: 401331234: UGA: -8: 2021-12-18 13:44:54.974653
2021-12-18 13:44:55 INFO     inserted new line: 401331236: PSU: -2.5: 2021-12-18 13:44:54.974653
2021-12-18 13:44:55 INFO     inserted new line: 401331238: ND: -2: 2021-12-18 13:44:54.974653
2021-12-18 13:44:55 INFO     inserted new line: 401331237: UK: -3: 2021-12-18 13:44:54.974653
2021-12-18 13:44:55 INFO     inserted new line: 401331239: OSU: -6.5: 2021-12-18 13:44:54.974653
2021-12-18 13:44:55 INFO     inserted new line: 401331240: EVEN: : 2021-12-18 13:44:54.974653
2021-12-18 13:44:55 INFO     inserted new line: 401331241: KSU: -2.5: 2021-12-18 13:44:54.974653
2021-12-18 13:46:42 DEBUG    Starting new HTTPS connection (1): site.api.espn.com:443
2021-12-18 13:46:42 DEBUG    https://site.api.espn.com:443 "GET /apis/site/v2/sports/football/college-football/scoreboard?seasontype=3&week=1&limit=900 HTTP/1.1" 200 53402
2021-12-18 13:46:42 INFO     inserted new line: 401331168: BYU: -6.5: 2021-12-18 13:46:42.456099
2021-12-18 13:46:42 INFO     inserted new line: 401331169: LIB: -9.5: 2021-12-18 13:46:42.456099
2021-12-18 13:46:42 INFO     inserted new line: 401331170: ORST: -7: 2021-12-18 13:46:42.456099
2021-12-18 13:46:42 INFO     inserted new line: 401331171: UL: -4: 2021-12-18 13:46:42.456099
2021-12-18 13:46:42 INFO     inserted new line: 401331172: TLSA: -9: 2021-12-18 13:46:42.456099
2021-12-18 13:46:42 INFO     inserted new line: 401331213: WYO: -3: 2021-12-18 13:46:42.456099
2021-12-18 13:46:42 INFO     inserted new line: 401331214: UTSA: -2: 2021-12-18 13:46:42.456099
2021-12-18 13:46:42 INFO     inserted new line: 401331215: ARMY: -4: 2021-12-18 13:46:42.456099
2021-12-18 13:46:42 INFO     inserted new line: 401391158: M-OH: -3: 2021-12-18 13:46:42.456099
2021-12-18 13:46:42 INFO     inserted new line: 401331216: FLA: -6.5: 2021-12-18 13:46:42.456099
2021-12-18 13:46:42 INFO     inserted new line: 401331217: MEM: -7: 2021-12-18 13:46:42.456099
2021-12-18 13:46:42 INFO     inserted new line: 401331218: GAST: -5: 2021-12-18 13:46:42.456099
2021-12-18 13:46:42 INFO     inserted new line: 401331219: WMU: -6: 2021-12-18 13:46:42.456099
2021-12-18 13:46:42 INFO     inserted new line: 401331220: BC: -3: 2021-12-18 13:46:42.456099
2021-12-18 13:46:42 INFO     inserted new line: 401331221: AUB: -2.5: 2021-12-18 13:46:42.456099
2021-12-18 13:46:42 INFO     inserted new line: 401331222: LOU: -1.5: 2021-12-18 13:46:42.456099
2021-12-18 13:46:42 INFO     inserted new line: 401331223: MSST: -8.5: 2021-12-18 13:46:42.456099
2021-12-18 13:46:42 INFO     inserted new line: 401339628: NCST: -1: 2021-12-18 13:46:42.456099
2021-12-18 13:46:42 INFO     inserted new line: 401331224: MINN: -4: 2021-12-18 13:46:42.456099
2021-12-18 13:46:42 INFO     inserted new line: 401331225: UVA: -2: 2021-12-18 13:46:42.456099
2021-12-18 13:46:42 INFO     inserted new line: 401331226: MD: -1: 2021-12-18 13:46:42.456099
2021-12-18 13:46:42 INFO     inserted new line: 401331227: ISU: -1.5: 2021-12-18 13:46:42.456099
2021-12-18 13:46:42 INFO     inserted new line: 401331228: OU: -4.5: 2021-12-18 13:46:42.456099
2021-12-18 13:46:42 INFO     inserted new line: 401331229: UNC: -9: 2021-12-18 13:46:42.456099
2021-12-18 13:46:42 INFO     inserted new line: 401331230: TENN: -4.5: 2021-12-18 13:46:42.456099
2021-12-18 13:46:42 INFO     inserted new line: 401331231: MSU: -2.5: 2021-12-18 13:46:42.456099
2021-12-18 13:46:42 INFO     inserted new line: 401331232: WISC: -7: 2021-12-18 13:46:42.456099
2021-12-18 13:46:42 INFO     inserted new line: 401331233: TA&M: -4.5: 2021-12-18 13:46:42.456099
2021-12-18 13:46:42 INFO     inserted new line: 401331654: MIA: -2.5: 2021-12-18 13:46:42.456099
2021-12-18 13:46:42 INFO     inserted new line: 401352013: BSU: -8: 2021-12-18 13:46:42.456099
2021-12-18 13:46:42 INFO     inserted new line: 401331235: ALA: -13.5: 2021-12-18 13:46:42.456099
2021-12-18 13:46:42 INFO     inserted new line: 401331234: UGA: -8: 2021-12-18 13:46:42.456099
2021-12-18 13:46:42 INFO     inserted new line: 401331236: PSU: -2.5: 2021-12-18 13:46:42.456099
2021-12-18 13:46:43 INFO     inserted new line: 401331238: ND: -2: 2021-12-18 13:46:42.456099
2021-12-18 13:46:43 INFO     inserted new line: 401331237: UK: -3: 2021-12-18 13:46:42.456099
2021-12-18 13:46:43 INFO     inserted new line: 401331239: OSU: -6.5: 2021-12-18 13:46:42.456099
2021-12-18 13:46:43 INFO     inserted new line: 401331240: EVEN: : 2021-12-18 13:46:42.456099
2021-12-18 13:46:43 INFO     inserted new line: 401331241: KSU: -2.5: 2021-12-18 13:46:42.456099
